<?xml version="1.0" encoding="UTF-8"?>
<!-- Generated by org.testng.reporters.JUnitXMLReporter -->
<testsuite hostname="sujay-Lenovo-Yoga-500-14IBD" ignored="0" tests="1" failures="1" timestamp="30 Sep 2018 09:16:46 GMT" time="0.036" errors="0">
  <testcase name="testSomeLibraryMethod" time="0.011" classname="LibraryTestTest">
    <failure type="java.lang.RuntimeException" message="Test not implemented">
      <![CDATA[java.lang.RuntimeException: Test not implemented
at LibraryTestTest.testSomeLibraryMethod(LibraryTestTest.java:10)
... Removed 25 stack frames]]>
    </failure>
  </testcase> <!-- testSomeLibraryMethod -->
</testsuite>
